[17-Mar-2020 03:04:53 UTC] PHP Parse error:  syntax error, unexpected '}' in C:\xampp\htdocs\wordpress\wp-content\themes\myportfolio\functions.php on line 38
[17-Mar-2020 04:39:25 UTC] PHP Parse error:  syntax error, unexpected end of file in C:\xampp\htdocs\wordpress\wp-content\themes\myportfolio\index.php on line 144
[17-Mar-2020 04:42:56 UTC] PHP Parse error:  syntax error, unexpected end of file, expecting elseif (T_ELSEIF) or else (T_ELSE) or endif (T_ENDIF) in C:\xampp\htdocs\wordpress\wp-content\themes\myportfolio\index.php on line 145
[17-Mar-2020 04:55:39 UTC] PHP Parse error:  syntax error, unexpected end of file, expecting elseif (T_ELSEIF) or else (T_ELSE) or endif (T_ENDIF) in C:\xampp\htdocs\wordpress\wp-content\themes\myportfolio\index.php on line 141
[17-Mar-2020 04:55:41 UTC] PHP Parse error:  syntax error, unexpected end of file, expecting elseif (T_ELSEIF) or else (T_ELSE) or endif (T_ENDIF) in C:\xampp\htdocs\wordpress\wp-content\themes\myportfolio\index.php on line 141
[17-Mar-2020 04:58:47 UTC] PHP Parse error:  syntax error, unexpected end of file, expecting elseif (T_ELSEIF) or else (T_ELSE) or endif (T_ENDIF) in C:\xampp\htdocs\wordpress\wp-content\themes\myportfolio\index.php on line 141
[17-Mar-2020 04:58:48 UTC] PHP Parse error:  syntax error, unexpected end of file, expecting elseif (T_ELSEIF) or else (T_ELSE) or endif (T_ENDIF) in C:\xampp\htdocs\wordpress\wp-content\themes\myportfolio\index.php on line 141
[17-Mar-2020 04:58:49 UTC] PHP Parse error:  syntax error, unexpected end of file, expecting elseif (T_ELSEIF) or else (T_ELSE) or endif (T_ENDIF) in C:\xampp\htdocs\wordpress\wp-content\themes\myportfolio\index.php on line 141
[17-Mar-2020 05:00:16 UTC] PHP Parse error:  syntax error, unexpected end of file, expecting elseif (T_ELSEIF) or else (T_ELSE) or endif (T_ENDIF) in C:\xampp\htdocs\wordpress\wp-content\themes\myportfolio\index.php on line 141
[17-Mar-2020 05:05:17 UTC] PHP Parse error:  syntax error, unexpected end of file, expecting elseif (T_ELSEIF) or else (T_ELSE) or endif (T_ENDIF) in C:\xampp\htdocs\wordpress\wp-content\themes\myportfolio\index.php on line 141
[17-Mar-2020 05:05:18 UTC] PHP Parse error:  syntax error, unexpected end of file, expecting elseif (T_ELSEIF) or else (T_ELSE) or endif (T_ENDIF) in C:\xampp\htdocs\wordpress\wp-content\themes\myportfolio\index.php on line 141
[17-Mar-2020 05:05:18 UTC] PHP Parse error:  syntax error, unexpected end of file, expecting elseif (T_ELSEIF) or else (T_ELSE) or endif (T_ENDIF) in C:\xampp\htdocs\wordpress\wp-content\themes\myportfolio\index.php on line 141
[17-Mar-2020 05:05:18 UTC] PHP Parse error:  syntax error, unexpected end of file, expecting elseif (T_ELSEIF) or else (T_ELSE) or endif (T_ENDIF) in C:\xampp\htdocs\wordpress\wp-content\themes\myportfolio\index.php on line 141
[17-Mar-2020 05:10:06 UTC] PHP Parse error:  syntax error, unexpected end of file, expecting elseif (T_ELSEIF) or else (T_ELSE) or endif (T_ENDIF) in C:\xampp\htdocs\wordpress\wp-content\themes\myportfolio\index.php on line 141
[17-Mar-2020 05:10:08 UTC] PHP Parse error:  syntax error, unexpected end of file, expecting elseif (T_ELSEIF) or else (T_ELSE) or endif (T_ENDIF) in C:\xampp\htdocs\wordpress\wp-content\themes\myportfolio\index.php on line 141
[17-Mar-2020 05:10:08 UTC] PHP Parse error:  syntax error, unexpected end of file, expecting elseif (T_ELSEIF) or else (T_ELSE) or endif (T_ENDIF) in C:\xampp\htdocs\wordpress\wp-content\themes\myportfolio\index.php on line 141
[17-Mar-2020 05:10:25 UTC] PHP Parse error:  syntax error, unexpected end of file, expecting elseif (T_ELSEIF) or else (T_ELSE) or endif (T_ENDIF) in C:\xampp\htdocs\wordpress\wp-content\themes\myportfolio\index.php on line 141
[17-Mar-2020 05:10:26 UTC] PHP Parse error:  syntax error, unexpected end of file, expecting elseif (T_ELSEIF) or else (T_ELSE) or endif (T_ENDIF) in C:\xampp\htdocs\wordpress\wp-content\themes\myportfolio\index.php on line 141
[17-Mar-2020 05:12:03 UTC] PHP Parse error:  syntax error, unexpected end of file, expecting elseif (T_ELSEIF) or else (T_ELSE) or endif (T_ENDIF) in C:\xampp\htdocs\wordpress\wp-content\themes\myportfolio\index.php on line 141
[17-Mar-2020 06:25:15 UTC] PHP Notice:  sidebar.php のないテーマ の使用はバージョン 3.0.0 から<strong>非推奨</strong>になりました。代替は用意されておりません。 sidebar.php テンプレートをテーマに含めてください。 in C:\xampp\htdocs\wordpress\wp-includes\functions.php on line 4805
[17-Mar-2020 06:25:26 UTC] PHP Notice:  sidebar.php のないテーマ の使用はバージョン 3.0.0 から<strong>非推奨</strong>になりました。代替は用意されておりません。 sidebar.php テンプレートをテーマに含めてください。 in C:\xampp\htdocs\wordpress\wp-includes\functions.php on line 4805
[18-Mar-2020 03:02:37 UTC] PHP Parse error:  syntax error, unexpected end of file in C:\xampp\htdocs\wordpress\wp-content\themes\myportfolio\single.php on line 68
[18-Mar-2020 03:17:28 UTC] PHP Notice:  Undefined variable: args in C:\xampp\htdocs\wordpress\wp-content\themes\myportfolio\single.php on line 62
[18-Mar-2020 03:17:30 UTC] PHP Notice:  Undefined variable: args in C:\xampp\htdocs\wordpress\wp-content\themes\myportfolio\single.php on line 62
[23-Mar-2020 05:20:43 UTC] PHP Notice:  Undefined variable: post_id in C:\xampp\htdocs\wordpress\wp-content\themes\myportfolio\single-cafemenu.php on line 37
[23-Mar-2020 05:20:43 UTC] PHP Notice:  Trying to get property 'ID' of non-object in C:\xampp\htdocs\wordpress\wp-content\themes\myportfolio\single-cafemenu.php on line 37
[23-Mar-2020 05:22:42 UTC] PHP Notice:  Undefined variable: post_id in C:\xampp\htdocs\wordpress\wp-content\themes\myportfolio\single-cafemenu.php on line 37
[23-Mar-2020 05:22:42 UTC] PHP Notice:  Trying to get property 'ID' of non-object in C:\xampp\htdocs\wordpress\wp-content\themes\myportfolio\single-cafemenu.php on line 37
[23-Mar-2020 05:22:42 UTC] PHP Notice:  Undefined variable: post_id in C:\xampp\htdocs\wordpress\wp-content\themes\myportfolio\single-cafemenu.php on line 37
[23-Mar-2020 05:22:42 UTC] PHP Notice:  Trying to get property 'ID' of non-object in C:\xampp\htdocs\wordpress\wp-content\themes\myportfolio\single-cafemenu.php on line 37
[23-Mar-2020 05:22:43 UTC] PHP Notice:  Undefined variable: post_id in C:\xampp\htdocs\wordpress\wp-content\themes\myportfolio\single-cafemenu.php on line 37
[23-Mar-2020 05:22:43 UTC] PHP Notice:  Trying to get property 'ID' of non-object in C:\xampp\htdocs\wordpress\wp-content\themes\myportfolio\single-cafemenu.php on line 37
[23-Mar-2020 05:25:04 UTC] PHP Notice:  Undefined variable: post_id in C:\xampp\htdocs\wordpress\wp-content\themes\myportfolio\single-cafemenu.php on line 38
[23-Mar-2020 05:25:04 UTC] PHP Notice:  Trying to get property 'ID' of non-object in C:\xampp\htdocs\wordpress\wp-content\themes\myportfolio\single-cafemenu.php on line 38
[23-Mar-2020 06:27:47 UTC] PHP Warning:  予期しないエラーが発生しました。WordPress.org かこのサーバーの設定に何か問題があるかもしれません。問題が続くようであれば、<a href="https://ja.wordpress.org/support/forums/">サポートフォーラム</a>を参照してみてください。 (WordPress は WordPress.org との安全な接続を確立できませんでした。サーバー管理者にご連絡ください) in C:\xampp\htdocs\wordpress\wp-includes\update.php on line 388
